Build started 11/2/2012 11:39:10 AM.
     1>Project "C:\Users\tripgod\Dropbox\cplusplus\JohnnysSecretAccount\JohnnysSecretAccount\JohnnysSecretAccount.vcxproj" on node 2 (build target(s)).
     1>InitializeBuildStatus:
         Creating "Debug\JohnnysSecretAccount.unsuccessfulbuild" because "AlwaysCreate" was specified.
       ClCompile:
         C:\Program Files (x86)\Microsoft Visual Studio 10.0\VC\bin\CL.exe /c /ZI /nologo /W3 /WX- /Od /Oy- /D WIN32 /D _DEBUG /D _CONSOLE /D _UNICODE /D UNICODE /Gm /EHsc /RTC1 /MDd /GS /fp:precise /Zc:wchar_t /Zc:forScope /Fo"Debug\\" /Fd"Debug\vc100.pdb" /Gd /TP /analyze- /errorReport:prompt AccountInfo.cpp
         AccountInfo.cpp
       ManifestResourceCompile:
         All outputs are up-to-date.
       Link:
         C:\Program Files (x86)\Microsoft Visual Studio 10.0\VC\bin\link.exe /ERRORREPORT:PROMPT /OUT:"C:\Users\tripgod\Dropbox\cplusplus\JohnnysSecretAccount\Debug\JohnnysSecretAccount.exe" /INCREMENTAL /NOLOGO kernel32.lib user32.lib gdi32.lib winspool.lib comdlg32.lib advapi32.lib shell32.lib ole32.lib oleaut32.lib uuid.lib odbc32.lib odbccp32.lib /MANIFEST /ManifestFile:"Debug\JohnnysSecretAccount.exe.intermediate.manifest" /MANIFESTUAC:"level='asInvoker' uiAccess='false'" /DEBUG /PDB:"C:\Users\tripgod\Dropbox\cplusplus\JohnnysSecretAccount\Debug\JohnnysSecretAccount.pdb" /SUBSYSTEM:CONSOLE /TLBID:1 /DYNAMICBASE /NXCOMPAT /IMPLIB:"C:\Users\tripgod\Dropbox\cplusplus\JohnnysSecretAccount\Debug\JohnnysSecretAccount.lib" /MACHINE:X86 Debug\JohnnysSecretAccount.exe.embed.manifest.res
         Debug\AccountInfo.obj
       Manifest:
         C:\Program Files (x86)\Microsoft SDKs\Windows\v7.0A\bin\mt.exe /nologo /verbose /out:"Debug\JohnnysSecretAccount.exe.embed.manifest" /manifest Debug\JohnnysSecretAccount.exe.intermediate.manifest
         All outputs are up-to-date.
       LinkEmbedManifest:
         All outputs are up-to-date.
         JohnnysSecretAccount.vcxproj -> C:\Users\tripgod\Dropbox\cplusplus\JohnnysSecretAccount\Debug\JohnnysSecretAccount.exe
       FinalizeBuildStatus:
         Deleting file "Debug\JohnnysSecretAccount.unsuccessfulbuild".
         Touching "Debug\JohnnysSecretAccount.lastbuildstate".
     1>Done Building Project "C:\Users\tripgod\Dropbox\cplusplus\JohnnysSecretAccount\JohnnysSecretAccount\JohnnysSecretAccount.vcxproj" (build target(s)).

Build succeeded.

Time Elapsed 00:00:02.49
